<?xml version="1.0" encoding="utf-8" standalone="yes"?>
<coverage line-rate="0.8" branch-rate="1" complexity="5" version="1.9" timestamp="1710442669" lines-covered="12" lines-valid="15">
  <packages>
    <package line-rate="0.8" branch-rate="1" complexity="5" name="TestComplextask">
      <classes>
        <class line-rate="0" branch-rate="1" complexity="1" name="" filename="F:\Git\GitProjectAll\Complextask\Complextask\main.cpp">
          <methods>
            <method line-rate="0" branch-rate="1" complexity="1" name="main" signature="">
              <lines>
                <line number="22" hits="0" branch="False" />
                <line number="25" hits="0" branch="False" />
                <line number="26" hits="0" branch="False" />
              </lines>
            </method>
          </methods>
          <lines>
            <line number="22" hits="0" branch="False" />
            <line number="25" hits="0" branch="False" />
            <line number="26" hits="0" branch="False" />
          </lines>
        </class>
        <class line-rate="1" branch-rate="1" complexity="1" name="UnitTest1.UnitTest1" filename="F:\Git\GitProjectAll\Complextask\TestComplextask\TestComplextask.cpp">
          <methods>
            <method line-rate="1" branch-rate="1" complexity="1" name="GetCheese150_50" signature="">
              <lines>
                <line number="15" hits="1" branch="False" />
                <line number="16" hits="1" branch="False" />
                <line number="17" hits="1" branch="False" />
                <line number="18" hits="1" branch="False" />
                <line number="19" hits="1" branch="False" />
              </lines>
            </method>
          </methods>
          <lines>
            <line number="15" hits="1" branch="False" />
            <line number="16" hits="1" branch="False" />
            <line number="17" hits="1" branch="False" />
            <line number="18" hits="1" branch="False" />
            <line number="19" hits="1" branch="False" />
          </lines>
        </class>
        <class line-rate="1" branch-rate="1" complexity="3" name="Product" filename="F:\Git\GitProjectAll\Complextask\Complextask\main.cpp">
          <methods>
            <method line-rate="1" branch-rate="1" complexity="1" name="Product" signature="">
              <lines>
                <line number="7" hits="1" branch="False" />
              </lines>
            </method>
            <method line-rate="1" branch-rate="1" complexity="1" name="getPrice" signature="">
              <lines>
                <line number="13" hits="1" branch="False" />
                <line number="14" hits="1" branch="False" />
                <line number="15" hits="1" branch="False" />
              </lines>
            </method>
            <method line-rate="1" branch-rate="1" complexity="1" name="getName" signature="">
              <lines>
                <line number="9" hits="1" branch="False" />
                <line number="10" hits="1" branch="False" />
                <line number="11" hits="1" branch="False" />
              </lines>
            </method>
          </methods>
          <lines>
            <line number="7" hits="1" branch="False" />
            <line number="9" hits="1" branch="False" />
            <line number="10" hits="1" branch="False" />
            <line number="11" hits="1" branch="False" />
            <line number="13" hits="1" branch="False" />
            <line number="14" hits="1" branch="False" />
            <line number="15" hits="1" branch="False" />
          </lines>
        </class>
      </classes>
    </package>
  </packages>
</coverage>